<?xml version="1.0" encoding="UTF-8"?>
<testsuite xmlns:xsi="http://www.w3.org/2001/XMLSchema-instance" xsi:noNamespaceSchemaLocation="https://maven.apache.org/surefire/maven-surefire-plugin/xsd/surefire-test-report.xsd" name="com.google.stepdefiniton.TestRunner" time="0.216" tests="3" errors="0" skipped="3" failures="0">
  <properties>
[...]
</properties>
  <testcase name="Add Google Location" classname="Google Api" time="0">
    <skipped message="The step &quot;I want to add payload&quot; is undefined"/>
  </testcase>
  <testcase name="Add Google Location" classname="Google Api" time="0">
    <skipped message="The step &quot;user submit &quot;post&quot; api&quot; is undefined"/>
  </testcase>
  <testcase name="Add Google Location" classname="Google Api" time="0">
    <skipped message="The step &quot;user validate the status code is 200&quot; is undefined"/>
  </testcase>
</testsuite>